46
REQUEST 0 100
REQUEST 1 7000
REQUEST 2 7000
REQUEST 3 7000
REQUEST 4 7000
REQUEST 5 7000
REQUEST 6 7000
REQUEST 7 7000
REQUEST 8 7000
REQUEST 9 7000
REQUEST 10 7000
REQUEST 11 7000
REQUEST 12 7000
REQUEST 13 7000
REQUEST 14 7000
REQUEST 15 7000
REQUEST 16 7000
REQUEST 17 7000
REQUEST 18 7000
REQUEST 19 7000
REQUEST 20 7000
REQUEST 21 10
FREE 1
FREE 0
FREE 2
FREE 3
FREE 4
FREE 5
FREE 6
FREE 7
FREE 8
FREE 9
FREE 10
FREE 11
FREE 12
FREE 13
FREE 14
FREE 15
FREE 16
FREE 17
FREE 18
FREE 19
FREE 20
FREE 21
